
ROM used: 1686 (21%)
          1686 (21%) including unused fragments

          2 Average locations per line
          11 Average locations per statement

RAM used: 9 (2%) at main() level
          60 (16%) worst case

Stack used: 5 worst case (out of 8 total available)

Lines Stmts  %   Files
----- ----- ---  -----
   95    65  44  main.c
   25     0   0  main.h
  326     0   0  C:\Program Files (x86)\PICC\devices\16F877A.h
  356    83  56  lcd.c
----- -----
  802   148 Total

Page ROM  %  RAM   Vol Diff  Functions:
---- --- --- ---   --- ----  ----------
0     20   1   1             @delay_ms1
0      8   0   0    59  4.2  @const76
 Inline        3   751  4.5  lcd_read_byte
0     49   3   2   254  3.7  lcd_read_nibble
0     46   3   1   391  2.4  lcd_send_nibble
0     89   5   3   313  3.4  lcd_send_byte
0     58   3   2   660  4.9  lcd_init
0     18   1   4   186  5.5  lcd_gotoxy
0     37   2   1   272  4.1  lcd_putc
 Inline        2   132  3.4  get_pulse_width
0    108   6   2   136  2.5  get_distance
 Inline        2             @ITOF
0    117   7  13             @MULFF
0    389  23   1  2029  6.9  MAIN
0     63   4  10             @FLT
0      8   0   0             @const118
0     13   1   1             @SPRINTF
0     78   5   4             @PSTRINGCN7_120
 Inline        5             @FTOSD
0     66   4  13             @DIV3232
0    231  14  13             @PRINTF_L32D_120FPFPF
0      4   0   0             @const132
0     23   1   2             @PSTRINGR_9600_62_63
0     82   5   4             @PSTRINGCN7_9600_62_63
0      6   0   0             @const136
0     72   4   3             @PSTRINGC7_9600_62_63
0      1   0   0             @const138
0     70   4   3             @PSTRINGC7_94
0      1   0   0             @const140
0      4   0   0             @const142
0      8   0   0             @const143
0      6   0   0             @const145
0      1   0   0             @const146
0      1   0   0             @const147
0      5   0   0             @const149

Program metrics:
    Functions               11
    Statements              148
    Comments                159
    Volume (V)              7851
    Difficilty (D)          42.6
    Effort to implement (E) 334590
    Time to implement (T)   5 hours, 10 minutes
    Est Delivered Bugs (B)  2
    Cyclomatic Complexity   12
    Maintainability (MI)    75

 Segment     Used  Free
-----------  ----  ----
00000-00003     4  0  
00004-007FF  1682  362  
00800-00FFF     0  2048  
01000-017FF     0  2048  
01800-01FFF     0  2048  



